[0812/152935.425:ERROR:process_reader_win.cc(151)] SuspendThread: Отказано в доступе. (0x5)
[0812/152935.428:ERROR:exception_snapshot_win.cc(98)] thread ID 18696 not found in process
[0812/152935.428:ERROR:scoped_process_suspend.cc(40)] NtResumeProcess: Попытка доступа к процессу, выполняющему процедуру завершения. (0xc000010a)
[0827/112104.216:ERROR:process_memory_win.cc(73)] ReadMemory at 0xfca9df1000 of 61440 bytes failed: Запрос ReadProcessMemory или WriteProcessMemory был выполнен только частично. (0x12B)
[0827/112104.228:ERROR:process_memory_win.cc(73)] ReadMemory at 0xfcaa5fd000 of 12288 bytes failed: Запрос ReadProcessMemory или WriteProcessMemory был выполнен только частично. (0x12B)
[0827/112104.229:ERROR:process_memory_win.cc(73)] ReadMemory at 0xfcaadf9000 of 28672 bytes failed: Запрос ReadProcessMemory или WriteProcessMemory был выполнен только частично. (0x12B)
[0827/112104.229:ERROR:process_memory_win.cc(73)] ReadMemory at 0xfcab5fc000 of 16384 bytes failed: Запрос ReadProcessMemory или WriteProcessMemory был выполнен только частично. (0x12B)
[0827/112104.229:ERROR:process_memory_win.cc(73)] ReadMemory at 0xfcabdfc000 of 16384 bytes failed: Запрос ReadProcessMemory или WriteProcessMemory был выполнен только частично. (0x12B)
[0827/112104.230:ERROR:process_memory_win.cc(73)] ReadMemory at 0xfcac5fe000 of 8192 bytes failed: Запрос ReadProcessMemory или WriteProcessMemory был выполнен только частично. (0x12B)
[0827/112104.230:ERROR:process_memory_win.cc(73)] ReadMemory at 0xfcacdfd000 of 12288 bytes failed: Запрос ReadProcessMemory или WriteProcessMemory был выполнен только частично. (0x12B)
[0827/112104.230:ERROR:process_memory_win.cc(73)] ReadMemory at 0xfcad5fb000 of 20480 bytes failed: Запрос ReadProcessMemory или WriteProcessMemory был выполнен только частично. (0x12B)
[0827/112104.230:ERROR:process_memory_win.cc(73)] ReadMemory at 0xfcaddfd000 of 12288 bytes failed: Запрос ReadProcessMemory или WriteProcessMemory был выполнен только частично. (0x12B)
[0827/112104.230:ERROR:process_memory_win.cc(73)] ReadMemory at 0xfcae5f7000 of 36864 bytes failed: Запрос ReadProcessMemory или WriteProcessMemory был выполнен только частично. (0x12B)
[0827/112104.230:ERROR:process_memory_win.cc(73)] ReadMemory at 0xfcaedf6000 of 40960 bytes failed: Запрос ReadProcessMemory или WriteProcessMemory был выполнен только частично. (0x12B)
[0827/112104.230:ERROR:process_memory_win.cc(73)] ReadMemory at 0xfcaf5fd000 of 12288 bytes failed: Запрос ReadProcessMemory или WriteProcessMemory был выполнен только частично. (0x12B)
[0827/112104.230:ERROR:process_memory_win.cc(73)] ReadMemory at 0xfcafdfd000 of 12288 bytes failed: Запрос ReadProcessMemory или WriteProcessMemory был выполнен только частично. (0x12B)
[0827/112104.230:ERROR:process_memory_win.cc(73)] ReadMemory at 0xfcb05fe000 of 8192 bytes failed: Запрос ReadProcessMemory или WriteProcessMemory был выполнен только частично. (0x12B)
[0827/112104.230:ERROR:process_memory_win.cc(73)] ReadMemory at 0xfcb0df7000 of 36864 bytes failed: Запрос ReadProcessMemory или WriteProcessMemory был выполнен только частично. (0x12B)
[0827/112104.231:ERROR:process_memory_win.cc(73)] ReadMemory at 0xfcb15fa000 of 24576 bytes failed: Запрос ReadProcessMemory или WriteProcessMemory был выполнен только частично. (0x12B)
[0827/112104.231:ERROR:process_memory_win.cc(73)] ReadMemory at 0xfca944b000 of 852 bytes failed: Запрос ReadProcessMemory или WriteProcessMemory был выполнен только частично. (0x12B)
[0827/112104.231:ERROR:process_memory_win.cc(73)] ReadMemory at 0xfca944c000 of 6024 bytes failed: Запрос ReadProcessMemory или WriteProcessMemory был выполнен только частично. (0x12B)
[0827/112104.231:ERROR:process_memory_win.cc(73)] ReadMemory at 0xfca944e000 of 6024 bytes failed: Запрос ReadProcessMemory или WriteProcessMemory был выполнен только частично. (0x12B)
[0827/112104.231:ERROR:process_memory_win.cc(73)] ReadMemory at 0xfca9450000 of 6024 bytes failed: Запрос ReadProcessMemory или WriteProcessMemory был выполнен только частично. (0x12B)
[0827/112104.231:ERROR:process_memory_win.cc(73)] ReadMemory at 0xfca9452000 of 6024 bytes failed: Запрос ReadProcessMemory или WriteProcessMemory был выполнен только частично. (0x12B)
[0827/112104.231:ERROR:process_memory_win.cc(73)] ReadMemory at 0xfca9454000 of 6024 bytes failed: Запрос ReadProcessMemory или WriteProcessMemory был выполнен только частично. (0x12B)
[0827/112104.231:ERROR:process_memory_win.cc(73)] ReadMemory at 0xfca9456000 of 6024 bytes failed: Запрос ReadProcessMemory или WriteProcessMemory был выполнен только частично. (0x12B)
[0827/112104.231:ERROR:process_memory_win.cc(73)] ReadMemory at 0xfca9458000 of 6024 bytes failed: Запрос ReadProcessMemory или WriteProcessMemory был выполнен только частично. (0x12B)
[0827/112104.231:ERROR:process_memory_win.cc(73)] ReadMemory at 0xfca945a000 of 6024 bytes failed: Запрос ReadProcessMemory или WriteProcessMemory был выполнен только частично. (0x12B)
[0827/112104.232:ERROR:process_memory_win.cc(73)] ReadMemory at 0xfca945c000 of 6024 bytes failed: Запрос ReadProcessMemory или WriteProcessMemory был выполнен только частично. (0x12B)
[0827/112104.232:ERROR:process_memory_win.cc(73)] ReadMemory at 0xfca945e000 of 6024 bytes failed: Запрос ReadProcessMemory или WriteProcessMemory был выполнен только частично. (0x12B)
[0827/112104.232:ERROR:process_memory_win.cc(73)] ReadMemory at 0xfca9460000 of 6024 bytes failed: Запрос ReadProcessMemory или WriteProcessMemory был выполнен только частично. (0x12B)
[0827/112104.232:ERROR:process_memory_win.cc(73)] ReadMemory at 0xfca9462000 of 6024 bytes failed: Запрос ReadProcessMemory или WriteProcessMemory был выполнен только частично. (0x12B)
[0827/112104.232:ERROR:process_memory_win.cc(73)] ReadMemory at 0xfca9464000 of 6024 bytes failed: Запрос ReadProcessMemory или WriteProcessMemory был выполнен только частично. (0x12B)
[0827/112104.232:ERROR:process_memory_win.cc(73)] ReadMemory at 0xfca9466000 of 6024 bytes failed: Запрос ReadProcessMemory или WriteProcessMemory был выполнен только частично. (0x12B)
[0827/112104.232:ERROR:process_memory_win.cc(73)] ReadMemory at 0xfca9468000 of 6024 bytes failed: Запрос ReadProcessMemory или WriteProcessMemory был выполнен только частично. (0x12B)
[0827/112104.232:ERROR:process_memory_win.cc(73)] ReadMemory at 0xfca946a000 of 6024 bytes failed: Запрос ReadProcessMemory или WriteProcessMemory был выполнен только частично. (0x12B)
[0827/112104.232:ERROR:process_memory_win.cc(73)] ReadMemory at 0x2ed5ab70f40 of 512 bytes failed: Запрос ReadProcessMemory или WriteProcessMemory был выполнен только частично. (0x12B)
[0827/112104.232:ERROR:process_memory_win.cc(73)] ReadMemory at 0x2ed5ac207f0 of 62 bytes failed: Запрос ReadProcessMemory или WriteProcessMemory был выполнен только частично. (0x12B)
[0827/112104.232:ERROR:process_memory_win.cc(73)] ReadMemory at 0x2ed5ac20fc0 of 8496 bytes failed: Запрос ReadProcessMemory или WriteProcessMemory был выполнен только частично. (0x12B)
[0827/112104.233:ERROR:process_memory_win.cc(73)] ReadMemory at 0x2ed5ac23100 of 1012 bytes failed: Запрос ReadProcessMemory или WriteProcessMemory был выполнен только частично. (0x12B)
[0827/112104.233:ERROR:process_memory_win.cc(73)] ReadMemory at 0x2ed5ac23718 of 118 bytes failed: Запрос ReadProcessMemory или WriteProcessMemory был выполнен только частично. (0x12B)
[0827/112104.233:ERROR:process_memory_win.cc(73)] ReadMemory at 0x2ed5ac23790 of 1176 bytes failed: Запрос ReadProcessMemory или WriteProcessMemory был выполнен только частично. (0x12B)
[0827/112104.233:ERROR:process_memory_win.cc(73)] ReadMemory at 0x2ed5ac23c2a of 118 bytes failed: Запрос ReadProcessMemory или WriteProcessMemory был выполнен только частично. (0x12B)
[0827/112104.233:ERROR:process_memory_win.cc(73)] ReadMemory at 0x2ed5ac23ca2 of 96 bytes failed: Запрос ReadProcessMemory или WriteProcessMemory был выполнен только частично. (0x12B)
[0827/112104.233:ERROR:process_memory_win.cc(73)] ReadMemory at 0x2ed5ac23d10 of 58 bytes failed: Запрос ReadProcessMemory или WriteProcessMemory был выполнен только частично. (0x12B)
[0827/112104.233:ERROR:process_memory_win.cc(73)] ReadMemory at 0x2ed5ac23e10 of 132 bytes failed: Запрос ReadProcessMemory или WriteProcessMemory был выполнен только частично. (0x12B)
[0827/112104.233:ERROR:process_memory_win.cc(73)] ReadMemory at 0x2ed5ac23fa0 of 132 bytes failed: Запрос ReadProcessMemory или WriteProcessMemory был выполнен только частично. (0x12B)
[0827/112104.233:ERROR:process_memory_win.cc(73)] ReadMemory at 0x2ed5ac24160 of 126 bytes failed: Запрос ReadProcessMemory или WriteProcessMemory был выполнен только частично. (0x12B)
[0827/112104.233:ERROR:process_memory_win.cc(73)] ReadMemory at 0x2ed5ac24450 of 132 bytes failed: Запрос ReadProcessMemory или WriteProcessMemory был выполнен только частично. (0x12B)
[0827/112104.233:ERROR:process_memory_win.cc(73)] ReadMemory at 0x2ed5ac249d0 of 132 bytes failed: Запрос ReadProcessMemory или WriteProcessMemory был выполнен только частично. (0x12B)
[0827/112104.233:ERROR:process_memory_win.cc(73)] ReadMemory at 0x2ed5ac24b60 of 64 bytes failed: Запрос ReadProcessMemory или WriteProcessMemory был выполнен только частично. (0x12B)
[0827/112104.233:ERROR:process_memory_win.cc(73)] ReadMemory at 0x2ed5ac24d50 of 132 bytes failed: Запрос ReadProcessMemory или WriteProcessMemory был выполнен только частично. (0x12B)
[0827/112104.233:ERROR:process_memory_win.cc(73)] ReadMemory at 0x2ed5ac24fb0 of 132 bytes failed: Запрос ReadProcessMemory или WriteProcessMemory был выполнен только частично. (0x12B)
[0827/112104.233:ERROR:process_memory_win.cc(73)] ReadMemory at 0x2ed5ac25140 of 68 bytes failed: Запрос ReadProcessMemory или WriteProcessMemory был выполнен только частично. (0x12B)
[0827/112104.234:ERROR:process_memory_win.cc(73)] ReadMemory at 0x2ed5ac2c860 of 60 bytes failed: Запрос ReadProcessMemory или WriteProcessMemory был выполнен только частично. (0x12B)
[0827/112104.234:ERROR:process_memory_win.cc(73)] ReadMemory at 0x2ed5ac2ddc8 of 512 bytes failed: Запрос ReadProcessMemory или WriteProcessMemory был выполнен только частично. (0x12B)
[0827/112104.234:ERROR:process_memory_win.cc(73)] ReadMemory at 0x2ed5ac31300 of 132 bytes failed: Запрос ReadProcessMemory или WriteProcessMemory был выполнен только частично. (0x12B)
[0827/112104.234:ERROR:process_memory_win.cc(73)] ReadMemory at 0x2ed5ac31430 of 154 bytes failed: Запрос ReadProcessMemory или WriteProcessMemory был выполнен только частично. (0x12B)
[0827/112104.234:ERROR:process_memory_win.cc(73)] ReadMemory at 0x2ed5ac34f90 of 78 bytes failed: Запрос ReadProcessMemory или WriteProcessMemory был выполнен только частично. (0x12B)
[0827/112104.234:ERROR:process_memory_win.cc(73)] ReadMemory at 0x2ed5ac352f0 of 80 bytes failed: Запрос ReadProcessMemory или WriteProcessMemory был выполнен только частично. (0x12B)
[0827/112104.234:ERROR:process_memory_win.cc(73)] ReadMemory at 0x2ed5ac35410 of 80 bytes failed: Запрос ReadProcessMemory или WriteProcessMemory был выполнен только частично. (0x12B)
[0827/112104.234:ERROR:process_memory_win.cc(73)] ReadMemory at 0x2ed5ac3c280 of 132 bytes failed: Запрос ReadProcessMemory или WriteProcessMemory был выполнен только частично. (0x12B)
[0827/112104.234:ERROR:process_memory_win.cc(73)] ReadMemory at 0x2ed5ac3c4a0 of 132 bytes failed: Запрос ReadProcessMemory или WriteProcessMemory был выполнен только частично. (0x12B)
[0827/112104.234:ERROR:process_memory_win.cc(73)] ReadMemory at 0x2ed5ac3c910 of 132 bytes failed: Запрос ReadProcessMemory или WriteProcessMemory был выполнен только частично. (0x12B)
[0827/112104.234:ERROR:process_memory_win.cc(73)] ReadMemory at 0x2ed5ac3ca40 of 132 bytes failed: Запрос ReadProcessMemory или WriteProcessMemory был выполнен только частично. (0x12B)
[0827/112104.234:ERROR:process_memory_win.cc(73)] ReadMemory at 0x2ed5ac3cb70 of 132 bytes failed: Запрос ReadProcessMemory или WriteProcessMemory был выполнен только частично. (0x12B)
[0827/112104.234:ERROR:process_memory_win.cc(73)] ReadMemory at 0x2ed5ac3cca0 of 132 bytes failed: Запрос ReadProcessMemory или WriteProcessMemory был выполнен только частично. (0x12B)
[0827/112104.234:ERROR:process_memory_win.cc(73)] ReadMemory at 0x2ed5ac3eaa0 of 60 bytes failed: Запрос ReadProcessMemory или WriteProcessMemory был выполнен только частично. (0x12B)
[0827/112104.234:ERROR:process_memory_win.cc(73)] ReadMemory at 0x2ed5ac3eb90 of 60 bytes failed: Запрос ReadProcessMemory или WriteProcessMemory был выполнен только частично. (0x12B)
[0827/112104.234:ERROR:process_memory_win.cc(73)] ReadMemory at 0x2ed5ac3ebe0 of 62 bytes failed: Запрос ReadProcessMemory или WriteProcessMemory был выполнен только частично. (0x12B)
[0827/112104.235:ERROR:process_memory_win.cc(73)] ReadMemory at 0x2ed5ac3ec80 of 62 bytes failed: Запрос ReadProcessMemory или WriteProcessMemory был выполнен только частично. (0x12B)
[0827/112104.235:ERROR:process_memory_win.cc(73)] ReadMemory at 0x2ed5ac3ecd0 of 62 bytes failed: Запрос ReadProcessMemory или WriteProcessMemory был выполнен только частично. (0x12B)
[0827/112104.235:ERROR:process_memory_win.cc(73)] ReadMemory at 0x2ed5ac3ed20 of 62 bytes failed: Запрос ReadProcessMemory или WriteProcessMemory был выполнен только частично. (0x12B)
[0827/112104.235:ERROR:process_memory_win.cc(73)] ReadMemory at 0x2ed5ac3ee10 of 64 bytes failed: Запрос ReadProcessMemory или WriteProcessMemory был выполнен только частично. (0x12B)
[0827/112104.235:ERROR:process_memory_win.cc(73)] ReadMemory at 0x2ed5ac3ee60 of 62 bytes failed: Запрос ReadProcessMemory или WriteProcessMemory был выполнен только частично. (0x12B)
[0827/112104.235:ERROR:process_memory_win.cc(73)] ReadMemory at 0x2ed5ac3eeb0 of 64 bytes failed: Запрос ReadProcessMemory или WriteProcessMemory был выполнен только частично. (0x12B)
[0827/112104.235:ERROR:process_memory_win.cc(73)] ReadMemory at 0x2ed5ac3ef00 of 62 bytes failed: Запрос ReadProcessMemory или WriteProcessMemory был выполнен только частично. (0x12B)
[0827/112104.235:ERROR:process_memory_win.cc(73)] ReadMemory at 0x2ed5ac3ef50 of 66 bytes failed: Запрос ReadProcessMemory или WriteProcessMemory был выполнен только частично. (0x12B)
[0827/112104.235:ERROR:process_memory_win.cc(73)] ReadMemory at 0x2ed5ac3f090 of 60 bytes failed: Запрос ReadProcessMemory или WriteProcessMemory был выполнен только частично. (0x12B)
[0827/112104.235:ERROR:process_memory_win.cc(73)] ReadMemory at 0x2ed5ac3f180 of 66 bytes failed: Запрос ReadProcessMemory или WriteProcessMemory был выполнен только частично. (0x12B)
[0827/112104.235:ERROR:process_memory_win.cc(73)] ReadMemory at 0x2ed5ac3f2c0 of 60 bytes failed: Запрос ReadProcessMemory или WriteProcessMemory был выполнен только частично. (0x12B)
[0827/112104.235:ERROR:process_memory_win.cc(73)] ReadMemory at 0x2ed5ac3f310 of 64 bytes failed: Запрос ReadProcessMemory или WriteProcessMemory был выполнен только частично. (0x12B)
[0827/112104.235:ERROR:process_memory_win.cc(73)] ReadMemory at 0x2ed5ac3f3b0 of 62 bytes failed: Запрос ReadProcessMemory или WriteProcessMemory был выполнен только частично. (0x12B)
[0827/112104.235:ERROR:process_memory_win.cc(73)] ReadMemory at 0x2ed5ac3f400 of 64 bytes failed: Запрос ReadProcessMemory или WriteProcessMemory был выполнен только частично. (0x12B)
[0827/112104.235:ERROR:process_memory_win.cc(73)] ReadMemory at 0x2ed5ac3f4f0 of 62 bytes failed: Запрос ReadProcessMemory или WriteProcessMemory был выполнен только частично. (0x12B)
[0827/112104.235:ERROR:process_memory_win.cc(73)] ReadMemory at 0x2ed5ac3f540 of 64 bytes failed: Запрос ReadProcessMemory или WriteProcessMemory был выполнен только частично. (0x12B)
[0827/112104.236:ERROR:process_memory_win.cc(73)] ReadMemory at 0x2ed5ac3f590 of 58 bytes failed: Запрос ReadProcessMemory или WriteProcessMemory был выполнен только частично. (0x12B)
[0827/112104.236:ERROR:process_memory_win.cc(73)] ReadMemory at 0x2ed5ac3f630 of 62 bytes failed: Запрос ReadProcessMemory или WriteProcessMemory был выполнен только частично. (0x12B)
[0827/112104.236:ERROR:process_memory_win.cc(73)] ReadMemory at 0x2ed5ac3f680 of 62 bytes failed: Запрос ReadProcessMemory или WriteProcessMemory был выполнен только частично. (0x12B)
[0827/112104.236:ERROR:process_memory_win.cc(73)] ReadMemory at 0x2ed5ac3f6d0 of 60 bytes failed: Запрос ReadProcessMemory или WriteProcessMemory был выполнен только частично. (0x12B)
[0827/112104.236:ERROR:process_memory_win.cc(73)] ReadMemory at 0x2ed5ac3f720 of 60 bytes failed: Запрос ReadProcessMemory или WriteProcessMemory был выполнен только частично. (0x12B)
[0827/112104.236:ERROR:process_memory_win.cc(73)] ReadMemory at 0x2ed5ac3f8b0 of 64 bytes failed: Запрос ReadProcessMemory или WriteProcessMemory был выполнен только частично. (0x12B)
[0827/112104.236:ERROR:process_memory_win.cc(73)] ReadMemory at 0x2ed5ac3f9a0 of 64 bytes failed: Запрос ReadProcessMemory или WriteProcessMemory был выполнен только частично. (0x12B)
[0827/112104.236:ERROR:process_memory_win.cc(73)] ReadMemory at 0x2ed5ac3f9f0 of 64 bytes failed: Запрос ReadProcessMemory или WriteProcessMemory был выполнен только частично. (0x12B)
[0827/112104.236:ERROR:process_memory_win.cc(73)] ReadMemory at 0x2ed5ac40230 of 54 bytes failed: Запрос ReadProcessMemory или WriteProcessMemory был выполнен только частично. (0x12B)
[0827/112104.236:ERROR:process_memory_win.cc(73)] ReadMemory at 0x2ed5ac41c00 of 146 bytes failed: Запрос ReadProcessMemory или WriteProcessMemory был выполнен только частично. (0x12B)
[0827/112104.236:ERROR:process_memory_win.cc(73)] ReadMemory at 0x2ed5ac41ce0 of 132 bytes failed: Запрос ReadProcessMemory или WriteProcessMemory был выполнен только частично. (0x12B)
[0827/112104.236:ERROR:process_memory_win.cc(73)] ReadMemory at 0x2ed5ac42040 of 132 bytes failed: Запрос ReadProcessMemory или WriteProcessMemory был выполнен только частично. (0x12B)
[0827/112104.236:ERROR:process_memory_win.cc(73)] ReadMemory at 0x2ed5ac42170 of 132 bytes failed: Запрос ReadProcessMemory или WriteProcessMemory был выполнен только частично. (0x12B)
[0827/112104.237:ERROR:process_memory_win.cc(73)] ReadMemory at 0x2ed5ac422a0 of 132 bytes failed: Запрос ReadProcessMemory или WriteProcessMemory был выполнен только частично. (0x12B)
[0827/112104.237:ERROR:process_memory_win.cc(73)] ReadMemory at 0x2ed5ac423d0 of 132 bytes failed: Запрос ReadProcessMemory или WriteProcessMemory был выполнен только частично. (0x12B)
[0827/112104.237:ERROR:process_memory_win.cc(73)] ReadMemory at 0x2ed5ac42500 of 132 bytes failed: Запрос ReadProcessMemory или WriteProcessMemory был выполнен только частично. (0x12B)
[0827/112104.237:ERROR:process_memory_win.cc(73)] ReadMemory at 0x2ed5ac42630 of 132 bytes failed: Запрос ReadProcessMemory или WriteProcessMemory был выполнен только частично. (0x12B)
[0827/112104.237:ERROR:process_memory_win.cc(73)] ReadMemory at 0x2ed5ac43a70 of 132 bytes failed: Запрос ReadProcessMemory или WriteProcessMemory был выполнен только частично. (0x12B)
[0827/112104.237:ERROR:process_memory_win.cc(73)] ReadMemory at 0x2ed5ac48a70 of 132 bytes failed: Запрос ReadProcessMemory или WriteProcessMemory был выполнен только частично. (0x12B)
[0827/112104.237:ERROR:process_memory_win.cc(73)] ReadMemory at 0x2ed5ac49020 of 132 bytes failed: Запрос ReadProcessMemory или WriteProcessMemory был выполнен только частично. (0x12B)
[0827/112104.237:ERROR:process_memory_win.cc(73)] ReadMemory at 0x2ed5ac49150 of 132 bytes failed: Запрос ReadProcessMemory или WriteProcessMemory был выполнен только частично. (0x12B)
[0827/112104.237:ERROR:process_memory_win.cc(73)] ReadMemory at 0x2ed5ac49280 of 132 bytes failed: Запрос ReadProcessMemory или WriteProcessMemory был выполнен только частично. (0x12B)
[0827/112104.237:ERROR:process_memory_win.cc(73)] ReadMemory at 0x2ed5ac493b0 of 132 bytes failed: Запрос ReadProcessMemory или WriteProcessMemory был выполнен только частично. (0x12B)
[0827/112104.237:ERROR:process_memory_win.cc(73)] ReadMemory at 0x2ed5ac494e0 of 132 bytes failed: Запрос ReadProcessMemory или WriteProcessMemory был выполнен только частично. (0x12B)
[0827/112104.237:ERROR:process_memory_win.cc(73)] ReadMemory at 0x2ed5ac49610 of 132 bytes failed: Запрос ReadProcessMemory или WriteProcessMemory был выполнен только частично. (0x12B)
[0827/112104.237:ERROR:process_memory_win.cc(73)] ReadMemory at 0x2ed5ac49740 of 132 bytes failed: Запрос ReadProcessMemory или WriteProcessMemory был выполнен только частично. (0x12B)
[0827/112104.238:ERROR:process_memory_win.cc(73)] ReadMemory at 0x2ed5ac49870 of 132 bytes failed: Запрос ReadProcessMemory или WriteProcessMemory был выполнен только частично. (0x12B)
[0827/112104.238:ERROR:process_memory_win.cc(73)] ReadMemory at 0x2ed5ac499a0 of 132 bytes failed: Запрос ReadProcessMemory или WriteProcessMemory был выполнен только частично. (0x12B)
[0827/112104.238:ERROR:process_memory_win.cc(73)] ReadMemory at 0x2ed5ac49ad0 of 132 bytes failed: Запрос ReadProcessMemory или WriteProcessMemory был выполнен только частично. (0x12B)
[0827/112104.238:ERROR:process_memory_win.cc(73)] ReadMemory at 0x2ed5ac49c00 of 132 bytes failed: Запрос ReadProcessMemory или WriteProcessMemory был выполнен только частично. (0x12B)
[0827/112104.238:ERROR:process_memory_win.cc(73)] ReadMemory at 0x2ed5ac49d30 of 132 bytes failed: Запрос ReadProcessMemory или WriteProcessMemory был выполнен только частично. (0x12B)
[0827/112104.238:ERROR:process_memory_win.cc(73)] ReadMemory at 0x2ed5ac49e60 of 132 bytes failed: Запрос ReadProcessMemory или WriteProcessMemory был выполнен только частично. (0x12B)
[0827/112104.238:ERROR:process_memory_win.cc(73)] ReadMemory at 0x2ed5ac49f90 of 132 bytes failed: Запрос ReadProcessMemory или WriteProcessMemory был выполнен только частично. (0x12B)
[0827/112104.238:ERROR:process_memory_win.cc(73)] ReadMemory at 0x2ed5ac4a0c0 of 132 bytes failed: Запрос ReadProcessMemory или WriteProcessMemory был выполнен только частично. (0x12B)
[0827/112104.238:ERROR:process_memory_win.cc(73)] ReadMemory at 0x2ed5ac4a1f0 of 132 bytes failed: Запрос ReadProcessMemory или WriteProcessMemory был выполнен только частично. (0x12B)
[0827/112104.238:ERROR:process_memory_win.cc(73)] ReadMemory at 0x2ed5ac4a320 of 132 bytes failed: Запрос ReadProcessMemory или WriteProcessMemory был выполнен только частично. (0x12B)
[0827/112104.238:ERROR:process_memory_win.cc(73)] ReadMemory at 0x2ed5ac4a450 of 132 bytes failed: Запрос ReadProcessMemory или WriteProcessMemory был выполнен только частично. (0x12B)
[0827/112104.238:ERROR:process_memory_win.cc(73)] ReadMemory at 0x2ed5ac4a580 of 132 bytes failed: Запрос ReadProcessMemory или WriteProcessMemory был выполнен только частично. (0x12B)
[0827/112104.238:ERROR:process_memory_win.cc(73)] ReadMemory at 0x2ed5ac4a6b0 of 132 bytes failed: Запрос ReadProcessMemory или WriteProcessMemory был выполнен только частично. (0x12B)
[0827/112104.238:ERROR:process_memory_win.cc(73)] ReadMemory at 0x2ed5ac4a7e0 of 132 bytes failed: Запрос ReadProcessMemory или WriteProcessMemory был выполнен только частично. (0x12B)
[0827/112104.238:ERROR:process_memory_win.cc(73)] ReadMemory at 0x2ed5ac4a910 of 132 bytes failed: Запрос ReadProcessMemory или WriteProcessMemory был выполнен только частично. (0x12B)
[0827/112104.239:ERROR:process_memory_win.cc(73)] ReadMemory at 0x2ed5ac4aa40 of 132 bytes failed: Запрос ReadProcessMemory или WriteProcessMemory был выполнен только частично. (0x12B)
[0827/112104.239:ERROR:process_memory_win.cc(73)] ReadMemory at 0x2ed5ac4ab70 of 132 bytes failed: Запрос ReadProcessMemory или WriteProcessMemory был выполнен только частично. (0x12B)
[0827/112104.239:ERROR:process_memory_win.cc(73)] ReadMemory at 0x2ed5ac4aca0 of 132 bytes failed: Запрос ReadProcessMemory или WriteProcessMemory был выполнен только частично. (0x12B)
[0827/112104.239:ERROR:process_memory_win.cc(73)] ReadMemory at 0x2ed5ac4add0 of 132 bytes failed: Запрос ReadProcessMemory или WriteProcessMemory был выполнен только частично. (0x12B)
[0827/112104.239:ERROR:process_memory_win.cc(73)] ReadMemory at 0x2ed5ac4b9b0 of 132 bytes failed: Запрос ReadProcessMemory или WriteProcessMemory был выполнен только частично. (0x12B)
[0827/112104.239:ERROR:process_memory_win.cc(73)] ReadMemory at 0x2ed5ac4f2f0 of 76 bytes failed: Запрос ReadProcessMemory или WriteProcessMemory был выполнен только частично. (0x12B)
[0827/112104.239:ERROR:process_memory_win.cc(73)] ReadMemory at 0x2ed5ac6a290 of 60 bytes failed: Запрос ReadProcessMemory или WriteProcessMemory был выполнен только частично. (0x12B)
[0827/112104.239:ERROR:process_memory_win.cc(73)] ReadMemory at 0x2ed5ac6a2e0 of 62 bytes failed: Запрос ReadProcessMemory или WriteProcessMemory был выполнен только частично. (0x12B)
[0827/112104.239:ERROR:process_memory_win.cc(73)] ReadMemory at 0x2ed5ac6a380 of 64 bytes failed: Запрос ReadProcessMemory или WriteProcessMemory был выполнен только частично. (0x12B)
[0827/112104.239:ERROR:process_memory_win.cc(73)] ReadMemory at 0x2ed5ac6a650 of 60 bytes failed: Запрос ReadProcessMemory или WriteProcessMemory был выполнен только частично. (0x12B)
[0827/112104.239:ERROR:process_memory_win.cc(73)] ReadMemory at 0x2ed5ac6ab50 of 66 bytes failed: Запрос ReadProcessMemory или WriteProcessMemory был выполнен только частично. (0x12B)
[0827/112104.239:ERROR:process_memory_win.cc(73)] ReadMemory at 0x2ed5ac6ad30 of 58 bytes failed: Запрос ReadProcessMemory или WriteProcessMemory был выполнен только частично. (0x12B)
[0827/112104.239:ERROR:process_memory_win.cc(73)] ReadMemory at 0x2ed5ac6ae20 of 62 bytes failed: Запрос ReadProcessMemory или WriteProcessMemory был выполнен только частично. (0x12B)
[0827/112104.239:ERROR:process_memory_win.cc(73)] ReadMemory at 0x2ed5ac6af10 of 58 bytes failed: Запрос ReadProcessMemory или WriteProcessMemory был выполнен только частично. (0x12B)
[0827/112104.239:ERROR:process_memory_win.cc(73)] ReadMemory at 0x2ed5ac6afb0 of 60 bytes failed: Запрос ReadProcessMemory или WriteProcessMemory был выполнен только частично. (0x12B)
[0827/112104.240:ERROR:process_memory_win.cc(73)] ReadMemory at 0x2ed5acaca70 of 512 bytes failed: Запрос ReadProcessMemory или WriteProcessMemory был выполнен только частично. (0x12B)
[0827/112104.240:ERROR:process_memory_win.cc(73)] ReadMemory at 0x2ed5acc1f80 of 512 bytes failed: Запрос ReadProcessMemory или WriteProcessMemory был выполнен только частично. (0x12B)
[0827/112104.240:ERROR:process_memory_win.cc(73)] ReadMemory at 0x2ed5acc45d0 of 512 bytes failed: Запрос ReadProcessMemory или WriteProcessMemory был выполнен только частично. (0x12B)
[0827/112104.240:ERROR:process_memory_win.cc(73)] ReadMemory at 0x2ed5acc5940 of 512 bytes failed: Запрос ReadProcessMemory или WriteProcessMemory был выполнен только частично. (0x12B)
[0827/112104.240:ERROR:process_memory_win.cc(73)] ReadMemory at 0x2ed5acc7950 of 712 bytes failed: Запрос ReadProcessMemory или WriteProcessMemory был выполнен только частично. (0x12B)
[0827/112104.240:ERROR:process_memory_win.cc(73)] ReadMemory at 0x2ed5acf4200 of 512 bytes failed: Запрос ReadProcessMemory или WriteProcessMemory был выполнен только частично. (0x12B)
[0827/112104.240:ERROR:process_memory_win.cc(73)] ReadMemory at 0x2ed5acff7b0 of 512 bytes failed: Запрос ReadProcessMemory или WriteProcessMemory был выполнен только частично. (0x12B)
[0827/112104.240:ERROR:process_memory_win.cc(73)] ReadMemory at 0x2ed5ad01400 of 512 bytes failed: Запрос ReadProcessMemory или WriteProcessMemory был выполнен только частично. (0x12B)
[0827/112104.240:ERROR:process_memory_win.cc(73)] ReadMemory at 0x2ed5c976000 of 512 bytes failed: Запрос ReadProcessMemory или WriteProcessMemory был выполнен только частично. (0x12B)
[0827/112104.240:ERROR:process_memory_win.cc(73)] ReadMemory at 0x2ed5c98e900 of 512 bytes failed: Запрос ReadProcessMemory или WriteProcessMemory был выполнен только частично. (0x12B)
[0827/112104.240:ERROR:process_memory_win.cc(73)] ReadMemory at 0x2ed5c9a4a30 of 512 bytes failed: Запрос ReadProcessMemory или WriteProcessMemory был выполнен только частично. (0x12B)
[0827/112104.240:ERROR:process_memory_win.cc(73)] ReadMemory at 0x2ed5c9f0000 of 384 bytes failed: Запрос ReadProcessMemory или WriteProcessMemory был выполнен только частично. (0x12B)
[0827/112104.240:ERROR:process_memory_win.cc(73)] ReadMemory at 0x2ed5ca5c6f0 of 512 bytes failed: Запрос ReadProcessMemory или WriteProcessMemory был выполнен только частично. (0x12B)
[0827/112104.241:ERROR:process_memory_win.cc(73)] ReadMemory at 0x2ed5ca63e30 of 512 bytes failed: Запрос ReadProcessMemory или WriteProcessMemory был выполнен только частично. (0x12B)
[0827/112104.241:ERROR:process_memory_win.cc(73)] ReadMemory at 0x2ed5cac7690 of 512 bytes failed: Запрос ReadProcessMemory или WriteProcessMemory был выполнен только частично. (0x12B)
[0827/112104.241:ERROR:process_memory_win.cc(73)] ReadMemory at 0x2ed5d8bf050 of 512 bytes failed: Запрос ReadProcessMemory или WriteProcessMemory был выполнен только частично. (0x12B)
[0827/112104.241:ERROR:process_memory_win.cc(73)] ReadMemory at 0x2ed5eafa530 of 512 bytes failed: Запрос ReadProcessMemory или WriteProcessMemory был выполнен только частично. (0x12B)
[0827/112104.241:ERROR:process_memory_win.cc(73)] ReadMemory at 0x2ed5eafd7e0 of 512 bytes failed: Запрос ReadProcessMemory или WriteProcessMemory был выполнен только частично. (0x12B)
[0827/112104.241:ERROR:process_memory_win.cc(73)] ReadMemory at 0x175c085c765d of 512 bytes failed: Запрос ReadProcessMemory или WriteProcessMemory был выполнен только частично. (0x12B)
[0827/112104.241:ERROR:process_memory_win.cc(73)] ReadMemory at 0x7ffadfc4e6b8 of 512 bytes failed: Запрос ReadProcessMemory или WriteProcessMemory был выполнен только частично. (0x12B)
[0827/112104.241:ERROR:process_memory_win.cc(73)] ReadMemory at 0x7ffae1878a4c of 512 bytes failed: Запрос ReadProcessMemory или WriteProcessMemory был выполнен только частично. (0x12B)
[0827/112104.241:ERROR:process_memory_win.cc(73)] ReadMemory at 0x7ffae208f6e4 of 512 bytes failed: Запрос ReadProcessMemory или WriteProcessMemory был выполнен только частично. (0x12B)
[0827/112104.241:ERROR:process_memory_win.cc(73)] ReadMemory at 0x7ffae244974c of 512 bytes failed: Запрос ReadProcessMemory или WriteProcessMemory был выполнен только частично. (0x12B)
[0827/112104.241:ERROR:process_memory_win.cc(73)] ReadMemory at 0x7ffae693c658 of 512 bytes failed: Запрос ReadProcessMemory или WriteProcessMemory был выполнен только частично. (0x12B)
[0827/112104.241:ERROR:process_memory_win.cc(73)] ReadMemory at 0x7ffae6bd8c76 of 512 bytes failed: Запрос ReadProcessMemory или WriteProcessMemory был выполнен только частично. (0x12B)
[0827/112104.241:ERROR:process_memory_win.cc(73)] ReadMemory at 0x7ffb2fe0a308 of 512 bytes failed: Запрос ReadProcessMemory или WriteProcessMemory был выполнен только частично. (0x12B)
[0827/112104.242:ERROR:process_memory_win.cc(73)] ReadMemory at 0x7ffb3000f9c8 of 512 bytes failed: Запрос ReadProcessMemory или WriteProcessMemory был выполнен только частично. (0x12B)
[0827/112104.242:ERROR:process_memory_win.cc(73)] ReadMemory at 0x7ffb32c979f0 of 512 bytes failed: Запрос ReadProcessMemory или WriteProcessMemory был выполнен только частично. (0x12B)
[0827/112104.242:ERROR:process_memory_win.cc(73)] ReadMemory at 0x7ffb32c982e0 of 512 bytes failed: Запрос ReadProcessMemory или WriteProcessMemory был выполнен только частично. (0x12B)
[0827/112104.242:ERROR:process_memory_win.cc(73)] ReadMemory at 0x7ffb32c9a0d0 of 512 bytes failed: Запрос ReadProcessMemory или WriteProcessMemory был выполнен только частично. (0x12B)
[0827/112104.242:ERROR:process_memory_win.cc(73)] ReadMemory at 0x7ffb32d0a9a4 of 672 bytes failed: Запрос ReadProcessMemory или WriteProcessMemory был выполнен только частично. (0x12B)
[0827/112104.242:ERROR:process_memory_win.cc(73)] ReadMemory at 0x7ffb32d0afa4 of 512 bytes failed: Запрос ReadProcessMemory или WriteProcessMemory был выполнен только частично. (0x12B)
[0827/112104.242:ERROR:process_memory_win.cc(73)] ReadMemory at 0x7ffb32d0e214 of 608 bytes failed: Запрос ReadProcessMemory или WriteProcessMemory был выполнен только частично. (0x12B)
[0827/112104.242:ERROR:process_memory_win.cc(73)] ReadMemory at 0x7ffb32d89480 of 512 bytes failed: Запрос ReadProcessMemory или WriteProcessMemory был выполнен только частично. (0x12B)
[0827/112104.242:ERROR:process_memory_win.cc(73)] ReadMemory at 0x7ffb32d902e0 of 18 bytes failed: Запрос ReadProcessMemory или WriteProcessMemory был выполнен только частично. (0x12B)
[0827/112104.242:ERROR:process_memory_win.cc(73)] ReadMemory at 0x7ffb32dc65b0 of 40 bytes failed: Запрос ReadProcessMemory или WriteProcessMemory был выполнен только частично. (0x12B)
[0827/112104.242:ERROR:process_memory_win.cc(73)] ReadMemory at 0x7ffb32dc6a08 of 48 bytes failed: Запрос ReadProcessMemory или WriteProcessMemory был выполнен только частично. (0x12B)
[0827/112104.242:ERROR:process_memory_win.cc(73)] ReadMemory at 0x7ffb32dcc360 of 64 bytes failed: Запрос ReadProcessMemory или WriteProcessMemory был выполнен только частично. (0x12B)
[0827/112104.248:ERROR:scoped_process_suspend.cc(40)] NtResumeProcess: Попытка доступа к процессу, выполняющему процедуру завершения. (0xc000010a)
[0904/133552.776:ERROR:process_info.cc(329)] VirtualQueryEx: Отказано в доступе. (0x5)
[0904/133552.804:ERROR:process_info.cc(556)] ReadMemoryInfo failed
[0904/133552.804:ERROR:scoped_process_suspend.cc(40)] NtResumeProcess: Попытка доступа к процессу, выполняющему процедуру завершения. (0xc000010a)
[0910/120336.530:ERROR:process_memory_win.cc(73)] ReadMemory at 0xcbd09f0000 of 65536 bytes failed: Запрос ReadProcessMemory или WriteProcessMemory был выполнен только частично. (0x12B)
[0910/120336.552:ERROR:process_memory_win.cc(73)] ReadMemory at 0xcbd11fd000 of 12288 bytes failed: Запрос ReadProcessMemory или WriteProcessMemory был выполнен только частично. (0x12B)
[0910/120336.552:ERROR:process_memory_win.cc(73)] ReadMemory at 0xcbd19f9000 of 28672 bytes failed: Запрос ReadProcessMemory или WriteProcessMemory был выполнен только частично. (0x12B)
[0910/120336.552:ERROR:process_memory_win.cc(73)] ReadMemory at 0xcbd21fd000 of 12288 bytes failed: Запрос ReadProcessMemory или WriteProcessMemory был выполнен только частично. (0x12B)
[0910/120336.552:ERROR:process_memory_win.cc(73)] ReadMemory at 0xcbd29fb000 of 20480 bytes failed: Запрос ReadProcessMemory или WriteProcessMemory был выполнен только частично. (0x12B)
[0910/120336.553:ERROR:process_memory_win.cc(73)] ReadMemory at 0xcbd31fe000 of 8192 bytes failed: Запрос ReadProcessMemory или WriteProcessMemory был выполнен только частично. (0x12B)
[0910/120336.553:ERROR:process_memory_win.cc(73)] ReadMemory at 0xcbd39fd000 of 12288 bytes failed: Запрос ReadProcessMemory или WriteProcessMemory был выполнен только частично. (0x12B)
[0910/120336.553:ERROR:process_memory_win.cc(73)] ReadMemory at 0xcbd41fc000 of 16384 bytes failed: Запрос ReadProcessMemory или WriteProcessMemory был выполнен только частично. (0x12B)
[0910/120336.553:ERROR:process_memory_win.cc(73)] ReadMemory at 0xcbd49fd000 of 12288 bytes failed: Запрос ReadProcessMemory или WriteProcessMemory был выполнен только частично. (0x12B)
[0910/120336.553:ERROR:process_memory_win.cc(73)] ReadMemory at 0xcbd51f8000 of 32768 bytes failed: Запрос ReadProcessMemory или WriteProcessMemory был выполнен только частично. (0x12B)
[0910/120336.553:ERROR:process_memory_win.cc(73)] ReadMemory at 0xcbd59f6000 of 40960 bytes failed: Запрос ReadProcessMemory или WriteProcessMemory был выполнен только частично. (0x12B)
[0910/120336.553:ERROR:process_memory_win.cc(73)] ReadMemory at 0xcbd61fd000 of 12288 bytes failed: Запрос ReadProcessMemory или WriteProcessMemory был выполнен только частично. (0x12B)
[0910/120336.553:ERROR:process_memory_win.cc(73)] ReadMemory at 0xcbd69fd000 of 12288 bytes failed: Запрос ReadProcessMemory или WriteProcessMemory был выполнен только частично. (0x12B)
[0910/120336.554:ERROR:process_memory_win.cc(73)] ReadMemory at 0xcbd71fe000 of 8192 bytes failed: Запрос ReadProcessMemory или WriteProcessMemory был выполнен только частично. (0x12B)
[0910/120336.554:ERROR:process_memory_win.cc(73)] ReadMemory at 0xcbd79f7000 of 36864 bytes failed: Запрос ReadProcessMemory или WriteProcessMemory был выполнен только частично. (0x12B)
[0910/120336.554:ERROR:process_memory_win.cc(73)] ReadMemory at 0xcbd81fa000 of 24576 bytes failed: Запрос ReadProcessMemory или WriteProcessMemory был выполнен только частично. (0x12B)
[0910/120336.554:ERROR:process_memory_win.cc(73)] ReadMemory at 0xcbd00c8000 of 852 bytes failed: Запрос ReadProcessMemory или WriteProcessMemory был выполнен только частично. (0x12B)
[0910/120336.554:ERROR:process_memory_win.cc(73)] ReadMemory at 0xcbd00c9000 of 6024 bytes failed: Запрос ReadProcessMemory или WriteProcessMemory был выполнен только частично. (0x12B)
[0910/120336.554:ERROR:process_memory_win.cc(73)] ReadMemory at 0xcbd00cb000 of 6024 bytes failed: Запрос ReadProcessMemory или WriteProcessMemory был выполнен только частично. (0x12B)
[0910/120336.564:ERROR:process_memory_win.cc(73)] ReadMemory at 0xcbd00cd000 of 6024 bytes failed: Запрос ReadProcessMemory или WriteProcessMemory был выполнен только частично. (0x12B)
[0910/120336.565:ERROR:process_memory_win.cc(73)] ReadMemory at 0xcbd00cf000 of 6024 bytes failed: Запрос ReadProcessMemory или WriteProcessMemory был выполнен только частично. (0x12B)
[0910/120336.565:ERROR:process_memory_win.cc(73)] ReadMemory at 0xcbd00d1000 of 6024 bytes failed: Запрос ReadProcessMemory или WriteProcessMemory был выполнен только частично. (0x12B)
[0910/120336.565:ERROR:process_memory_win.cc(73)] ReadMemory at 0xcbd00d3000 of 6024 bytes failed: Запрос ReadProcessMemory или WriteProcessMemory был выполнен только частично. (0x12B)
[0910/120336.565:ERROR:process_memory_win.cc(73)] ReadMemory at 0xcbd00d5000 of 6024 bytes failed: Запрос ReadProcessMemory или WriteProcessMemory был выполнен только частично. (0x12B)
[0910/120336.565:ERROR:process_memory_win.cc(73)] ReadMemory at 0xcbd00d7000 of 6024 bytes failed: Запрос ReadProcessMemory или WriteProcessMemory был выполнен только частично. (0x12B)
[0910/120336.565:ERROR:process_memory_win.cc(73)] ReadMemory at 0xcbd00d9000 of 6024 bytes failed: Запрос ReadProcessMemory или WriteProcessMemory был выполнен только частично. (0x12B)
[0910/120336.565:ERROR:process_memory_win.cc(73)] ReadMemory at 0xcbd00db000 of 6024 bytes failed: Запрос ReadProcessMemory или WriteProcessMemory был выполнен только частично. (0x12B)
[0910/120336.565:ERROR:process_memory_win.cc(73)] ReadMemory at 0xcbd00dd000 of 6024 bytes failed: Запрос ReadProcessMemory или WriteProcessMemory был выполнен только частично. (0x12B)
[0910/120336.565:ERROR:process_memory_win.cc(73)] ReadMemory at 0xcbd00df000 of 6024 bytes failed: Запрос ReadProcessMemory или WriteProcessMemory был выполнен только частично. (0x12B)
[0910/120336.566:ERROR:process_memory_win.cc(73)] ReadMemory at 0xcbd00e1000 of 6024 bytes failed: Запрос ReadProcessMemory или WriteProcessMemory был выполнен только частично. (0x12B)
[0910/120336.566:ERROR:process_memory_win.cc(73)] ReadMemory at 0xcbd00e3000 of 6024 bytes failed: Запрос ReadProcessMemory или WriteProcessMemory был выполнен только частично. (0x12B)
[0910/120336.566:ERROR:process_memory_win.cc(73)] ReadMemory at 0xcbd00e5000 of 6024 bytes failed: Запрос ReadProcessMemory или WriteProcessMemory был выполнен только частично. (0x12B)
[0910/120336.566:ERROR:process_memory_win.cc(73)] ReadMemory at 0xcbd00e7000 of 6024 bytes failed: Запрос ReadProcessMemory или WriteProcessMemory был выполнен только частично. (0x12B)
[0910/120336.566:ERROR:process_memory_win.cc(73)] ReadMemory at 0x2199b510000 of 672 bytes failed: Запрос ReadProcessMemory или WriteProcessMemory был выполнен только частично. (0x12B)
[0910/120336.566:ERROR:process_memory_win.cc(73)] ReadMemory at 0x2199b5207f0 of 62 bytes failed: Запрос ReadProcessMemory или WriteProcessMemory был выполнен только частично. (0x12B)
[0910/120336.566:ERROR:process_memory_win.cc(73)] ReadMemory at 0x2199b520fc0 of 8498 bytes failed: Запрос ReadProcessMemory или WriteProcessMemory был выполнен только частично. (0x12B)
[0910/120336.566:ERROR:process_memory_win.cc(73)] ReadMemory at 0x2199b523100 of 1012 bytes failed: Запрос ReadProcessMemory или WriteProcessMemory был выполнен только частично. (0x12B)
[0910/120336.566:ERROR:process_memory_win.cc(73)] ReadMemory at 0x2199b523718 of 118 bytes failed: Запрос ReadProcessMemory или WriteProcessMemory был выполнен только частично. (0x12B)
[0910/120336.566:ERROR:process_memory_win.cc(73)] ReadMemory at 0x2199b523790 of 1184 bytes failed: Запрос ReadProcessMemory или WriteProcessMemory был выполнен только частично. (0x12B)
[0910/120336.566:ERROR:process_memory_win.cc(73)] ReadMemory at 0x2199b523c32 of 118 bytes failed: Запрос ReadProcessMemory или WriteProcessMemory был выполнен только частично. (0x12B)
[0910/120336.566:ERROR:process_memory_win.cc(73)] ReadMemory at 0x2199b523caa of 100 bytes failed: Запрос ReadProcessMemory или WriteProcessMemory был выполнен только частично. (0x12B)
[0910/120336.575:ERROR:process_memory_win.cc(73)] ReadMemory at 0x2199b523d20 of 58 bytes failed: Запрос ReadProcessMemory или WriteProcessMemory был выполнен только частично. (0x12B)
[0910/120336.575:ERROR:process_memory_win.cc(73)] ReadMemory at 0x2199b523e20 of 132 bytes failed: Запрос ReadProcessMemory или WriteProcessMemory был выполнен только частично. (0x12B)
[0910/120336.575:ERROR:process_memory_win.cc(73)] ReadMemory at 0x2199b523fb0 of 132 bytes failed: Запрос ReadProcessMemory или WriteProcessMemory был выполнен только частично. (0x12B)
[0910/120336.575:ERROR:process_memory_win.cc(73)] ReadMemory at 0x2199b524170 of 126 bytes failed: Запрос ReadProcessMemory или WriteProcessMemory был выполнен только частично. (0x12B)
[0910/120336.576:ERROR:process_memory_win.cc(73)] ReadMemory at 0x2199b524460 of 132 bytes failed: Запрос ReadProcessMemory или WriteProcessMemory был выполнен только частично. (0x12B)
[0910/120336.576:ERROR:process_memory_win.cc(73)] ReadMemory at 0x2199b5249e0 of 132 bytes failed: Запрос ReadProcessMemory или WriteProcessMemory был выполнен только частично. (0x12B)
[0910/120336.576:ERROR:process_memory_win.cc(73)] ReadMemory at 0x2199b524b70 of 64 bytes failed: Запрос ReadProcessMemory или WriteProcessMemory был выполнен только частично. (0x12B)
[0910/120336.576:ERROR:process_memory_win.cc(73)] ReadMemory at 0x2199b524d60 of 132 bytes failed: Запрос ReadProcessMemory или WriteProcessMemory был выполнен только частично. (0x12B)
[0910/120336.576:ERROR:process_memory_win.cc(73)] ReadMemory at 0x2199b524fd0 of 132 bytes failed: Запрос ReadProcessMemory или WriteProcessMemory был выполнен только частично. (0x12B)
[0910/120336.576:ERROR:process_memory_win.cc(73)] ReadMemory at 0x2199b525160 of 68 bytes failed: Запрос ReadProcessMemory или WriteProcessMemory был выполнен только частично. (0x12B)
[0910/120336.576:ERROR:process_memory_win.cc(73)] ReadMemory at 0x2199b52c610 of 132 bytes failed: Запрос ReadProcessMemory или WriteProcessMemory был выполнен только частично. (0x12B)
[0910/120336.576:ERROR:process_memory_win.cc(73)] ReadMemory at 0x2199b52c740 of 154 bytes failed: Запрос ReadProcessMemory или WriteProcessMemory был выполнен только частично. (0x12B)
[0910/120336.576:ERROR:process_memory_win.cc(73)] ReadMemory at 0x2199b5303f0 of 60 bytes failed: Запрос ReadProcessMemory или WriteProcessMemory был выполнен только частично. (0x12B)
[0910/120336.576:ERROR:process_memory_win.cc(73)] ReadMemory at 0x2199b5360b0 of 80 bytes failed: Запрос ReadProcessMemory или WriteProcessMemory был выполнен только частично. (0x12B)
[0910/120336.576:ERROR:process_memory_win.cc(73)] ReadMemory at 0x2199b536290 of 80 bytes failed: Запрос ReadProcessMemory или WriteProcessMemory был выполнен только частично. (0x12B)
[0910/120336.576:ERROR:process_memory_win.cc(73)] ReadMemory at 0x2199b53c440 of 132 bytes failed: Запрос ReadProcessMemory или WriteProcessMemory был выполнен только частично. (0x12B)
[0910/120336.576:ERROR:process_memory_win.cc(73)] ReadMemory at 0x2199b53c990 of 132 bytes failed: Запрос ReadProcessMemory или WriteProcessMemory был выполнен только частично. (0x12B)
[0910/120336.576:ERROR:process_memory_win.cc(73)] ReadMemory at 0x2199b53cac0 of 132 bytes failed: Запрос ReadProcessMemory или WriteProcessMemory был выполнен только частично. (0x12B)
[0910/120336.576:ERROR:process_memory_win.cc(73)] ReadMemory at 0x2199b53cd20 of 132 bytes failed: Запрос ReadProcessMemory или WriteProcessMemory был выполнен только частично. (0x12B)
[0910/120336.577:ERROR:process_memory_win.cc(73)] ReadMemory at 0x2199b53cea0 of 132 bytes failed: Запрос ReadProcessMemory или WriteProcessMemory был выполнен только частично. (0x12B)
[0910/120336.577:ERROR:process_memory_win.cc(73)] ReadMemory at 0x2199b53cfd0 of 132 bytes failed: Запрос ReadProcessMemory или WriteProcessMemory был выполнен только частично. (0x12B)
[0910/120336.577:ERROR:process_memory_win.cc(73)] ReadMemory at 0x2199b53d100 of 132 bytes failed: Запрос ReadProcessMemory или WriteProcessMemory был выполнен только частично. (0x12B)
[0910/120336.577:ERROR:process_memory_win.cc(73)] ReadMemory at 0x2199b53d230 of 132 bytes failed: Запрос ReadProcessMemory или WriteProcessMemory был выполнен только частично. (0x12B)
[0910/120336.577:ERROR:process_memory_win.cc(73)] ReadMemory at 0x2199b53d360 of 132 bytes failed: Запрос ReadProcessMemory или WriteProcessMemory был выполнен только частично. (0x12B)
[0910/120336.577:ERROR:process_memory_win.cc(73)] ReadMemory at 0x2199b53d490 of 132 bytes failed: Запрос ReadProcessMemory или WriteProcessMemory был выполнен только частично. (0x12B)
[0910/120336.577:ERROR:process_memory_win.cc(73)] ReadMemory at 0x2199b53d5c0 of 132 bytes failed: Запрос ReadProcessMemory или WriteProcessMemory был выполнен только частично. (0x12B)
[0910/120336.577:ERROR:process_memory_win.cc(73)] ReadMemory at 0x2199b53d6f0 of 132 bytes failed: Запрос ReadProcessMemory или WriteProcessMemory был выполнен только частично. (0x12B)
[0910/120336.577:ERROR:process_memory_win.cc(73)] ReadMemory at 0x2199b53d820 of 132 bytes failed: Запрос ReadProcessMemory или WriteProcessMemory был выполнен только частично. (0x12B)
[0910/120336.577:ERROR:process_memory_win.cc(73)] ReadMemory at 0x2199b53d950 of 132 bytes failed: Запрос ReadProcessMemory или WriteProcessMemory был выполнен только частично. (0x12B)
[0910/120336.577:ERROR:process_memory_win.cc(73)] ReadMemory at 0x2199b53da80 of 132 bytes failed: Запрос ReadProcessMemory или WriteProcessMemory был выполнен только частично. (0x12B)
[0910/120336.577:ERROR:process_memory_win.cc(73)] ReadMemory at 0x2199b53dbb0 of 132 bytes failed: Запрос ReadProcessMemory или WriteProcessMemory был выполнен только частично. (0x12B)
[0910/120336.577:ERROR:process_memory_win.cc(73)] ReadMemory at 0x2199b53dce0 of 132 bytes failed: Запрос ReadProcessMemory или WriteProcessMemory был выполнен только частично. (0x12B)
[0910/120336.577:ERROR:process_memory_win.cc(73)] ReadMemory at 0x2199b53de10 of 132 bytes failed: Запрос ReadProcessMemory или WriteProcessMemory был выполнен только частично. (0x12B)
[0910/120336.578:ERROR:process_memory_win.cc(73)] ReadMemory at 0x2199b53df40 of 132 bytes failed: Запрос ReadProcessMemory или WriteProcessMemory был выполнен только частично. (0x12B)
[0910/120336.578:ERROR:process_memory_win.cc(73)] ReadMemory at 0x2199b53e070 of 132 bytes failed: Запрос ReadProcessMemory или WriteProcessMemory был выполнен только частично. (0x12B)
[0910/120336.578:ERROR:process_memory_win.cc(73)] ReadMemory at 0x2199b53e1a0 of 132 bytes failed: Запрос ReadProcessMemory или WriteProcessMemory был выполнен только частично. (0x12B)
[0910/120336.578:ERROR:process_memory_win.cc(73)] ReadMemory at 0x2199b53e2d0 of 132 bytes failed: Запрос ReadProcessMemory или WriteProcessMemory был выполнен только частично. (0x12B)
[0910/120336.578:ERROR:process_memory_win.cc(73)] ReadMemory at 0x2199b53e400 of 132 bytes failed: Запрос ReadProcessMemory или WriteProcessMemory был выполнен только частично. (0x12B)
[0910/120336.578:ERROR:process_memory_win.cc(73)] ReadMemory at 0x2199b53e530 of 132 bytes failed: Запрос ReadProcessMemory или WriteProcessMemory был выполнен только частично. (0x12B)
[0910/120336.578:ERROR:process_memory_win.cc(73)] ReadMemory at 0x2199b53e660 of 132 bytes failed: Запрос ReadProcessMemory или WriteProcessMemory был выполнен только частично. (0x12B)
[0910/120336.578:ERROR:process_memory_win.cc(73)] ReadMemory at 0x2199b53e790 of 132 bytes failed: Запрос ReadProcessMemory или WriteProcessMemory был выполнен только частично. (0x12B)
[0910/120336.578:ERROR:process_memory_win.cc(73)] ReadMemory at 0x2199b53e8c0 of 132 bytes failed: Запрос ReadProcessMemory или WriteProcessMemory был выполнен только частично. (0x12B)
[0910/120336.578:ERROR:process_memory_win.cc(73)] ReadMemory at 0x2199b53e9f0 of 132 bytes failed: Запрос ReadProcessMemory или WriteProcessMemory был выполнен только частично. (0x12B)
[0910/120336.578:ERROR:process_memory_win.cc(73)] ReadMemory at 0x2199b53eb20 of 132 bytes failed: Запрос ReadProcessMemory или WriteProcessMemory был выполнен только частично. (0x12B)
[0910/120336.578:ERROR:process_memory_win.cc(73)] ReadMemory at 0x2199b53ec50 of 132 bytes failed: Запрос ReadProcessMemory или WriteProcessMemory был выполнен только частично. (0x12B)
[0910/120336.578:ERROR:process_memory_win.cc(73)] ReadMemory at 0x2199b53f2c0 of 62 bytes failed: Запрос ReadProcessMemory или WriteProcessMemory был выполнен только частично. (0x12B)
[0910/120336.590:ERROR:process_memory_win.cc(73)] ReadMemory at 0x2199b53f310 of 64 bytes failed: Запрос ReadProcessMemory или WriteProcessMemory был выполнен только частично. (0x12B)
[0910/120336.590:ERROR:process_memory_win.cc(73)] ReadMemory at 0x2199b53f360 of 62 bytes failed: Запрос ReadProcessMemory или WriteProcessMemory был выполнен только частично. (0x12B)
[0910/120336.590:ERROR:process_memory_win.cc(73)] ReadMemory at 0x2199b53f3b0 of 62 bytes failed: Запрос ReadProcessMemory или WriteProcessMemory был выполнен только частично. (0x12B)
[0910/120336.590:ERROR:process_memory_win.cc(73)] ReadMemory at 0x2199b53f400 of 64 bytes failed: Запрос ReadProcessMemory или WriteProcessMemory был выполнен только частично. (0x12B)
[0910/120336.590:ERROR:process_memory_win.cc(73)] ReadMemory at 0x2199b53f540 of 64 bytes failed: Запрос ReadProcessMemory или WriteProcessMemory был выполнен только частично. (0x12B)
[0910/120336.590:ERROR:process_memory_win.cc(73)] ReadMemory at 0x2199b53f590 of 66 bytes failed: Запрос ReadProcessMemory или WriteProcessMemory был выполнен только частично. (0x12B)
[0910/120336.590:ERROR:process_memory_win.cc(73)] ReadMemory at 0x2199b53f680 of 62 bytes failed: Запрос ReadProcessMemory или WriteProcessMemory был выполнен только частично. (0x12B)
[0910/120336.590:ERROR:process_memory_win.cc(73)] ReadMemory at 0x2199b53f6d0 of 60 bytes failed: Запрос ReadProcessMemory или WriteProcessMemory был выполнен только частично. (0x12B)
[0910/120336.590:ERROR:process_memory_win.cc(73)] ReadMemory at 0x2199b53f770 of 62 bytes failed: Запрос ReadProcessMemory или WriteProcessMemory был выполнен только частично. (0x12B)
[0910/120336.590:ERROR:process_memory_win.cc(73)] ReadMemory at 0x2199b53f7c0 of 60 bytes failed: Запрос ReadProcessMemory или WriteProcessMemory был выполнен только частично. (0x12B)
[0910/120336.590:ERROR:process_memory_win.cc(73)] ReadMemory at 0x2199b53f860 of 62 bytes failed: Запрос ReadProcessMemory или WriteProcessMemory был выполнен только частично. (0x12B)
[0910/120336.590:ERROR:process_memory_win.cc(73)] ReadMemory at 0x2199b53f9a0 of 64 bytes failed: Запрос ReadProcessMemory или WriteProcessMemory был выполнен только частично. (0x12B)
[0910/120336.590:ERROR:process_memory_win.cc(73)] ReadMemory at 0x2199b53fa90 of 64 bytes failed: Запрос ReadProcessMemory или WriteProcessMemory был выполнен только частично. (0x12B)
[0910/120336.590:ERROR:process_memory_win.cc(73)] ReadMemory at 0x2199b53fae0 of 64 bytes failed: Запрос ReadProcessMemory или WriteProcessMemory был выполнен только частично. (0x12B)
[0910/120336.590:ERROR:process_memory_win.cc(73)] ReadMemory at 0x2199b53fb30 of 60 bytes failed: Запрос ReadProcessMemory или WriteProcessMemory был выполнен только частично. (0x12B)
[0910/120336.591:ERROR:process_memory_win.cc(73)] ReadMemory at 0x2199b53fbd0 of 60 bytes failed: Запрос ReadProcessMemory или WriteProcessMemory был выполнен только частично. (0x12B)
[0910/120336.591:ERROR:process_memory_win.cc(73)] ReadMemory at 0x2199b53fc70 of 64 bytes failed: Запрос ReadProcessMemory или WriteProcessMemory был выполнен только частично. (0x12B)
[0910/120336.591:ERROR:process_memory_win.cc(73)] ReadMemory at 0x2199b53fd10 of 62 bytes failed: Запрос ReadProcessMemory или WriteProcessMemory был выполнен только частично. (0x12B)
[0910/120336.591:ERROR:process_memory_win.cc(73)] ReadMemory at 0x2199b53fd60 of 58 bytes failed: Запрос ReadProcessMemory или WriteProcessMemory был выполнен только частично. (0x12B)
[0910/120336.591:ERROR:process_memory_win.cc(73)] ReadMemory at 0x2199b53fe00 of 64 bytes failed: Запрос ReadProcessMemory или WriteProcessMemory был выполнен только частично. (0x12B)
[0910/120336.591:ERROR:process_memory_win.cc(73)] ReadMemory at 0x2199b53fea0 of 62 bytes failed: Запрос ReadProcessMemory или WriteProcessMemory был выполнен только частично. (0x12B)
[0910/120336.591:ERROR:process_memory_win.cc(73)] ReadMemory at 0x2199b53ffe0 of 62 bytes failed: Запрос ReadProcessMemory или WriteProcessMemory был выполнен только частично. (0x12B)
[0910/120336.591:ERROR:process_memory_win.cc(73)] ReadMemory at 0x2199b540030 of 62 bytes failed: Запрос ReadProcessMemory или WriteProcessMemory был выполнен только частично. (0x12B)
[0910/120336.591:ERROR:process_memory_win.cc(73)] ReadMemory at 0x2199b5400d0 of 66 bytes failed: Запрос ReadProcessMemory или WriteProcessMemory был выполнен только частично. (0x12B)
[0910/120336.591:ERROR:process_memory_win.cc(73)] ReadMemory at 0x2199b540120 of 60 bytes failed: Запрос ReadProcessMemory или WriteProcessMemory был выполнен только частично. (0x12B)
[0910/120336.591:ERROR:process_memory_win.cc(73)] ReadMemory at 0x2199b5401c0 of 60 bytes failed: Запрос ReadProcessMemory или WriteProcessMemory был выполнен только частично. (0x12B)
[0910/120336.591:ERROR:process_memory_win.cc(73)] ReadMemory at 0x2199b5406c0 of 132 bytes failed: Запрос ReadProcessMemory или WriteProcessMemory был выполнен только частично. (0x12B)
[0910/120336.591:ERROR:process_memory_win.cc(73)] ReadMemory at 0x2199b5408e0 of 132 bytes failed: Запрос ReadProcessMemory или WriteProcessMemory был выполнен только частично. (0x12B)
[0910/120336.591:ERROR:process_memory_win.cc(73)] ReadMemory at 0x2199b541f50 of 132 bytes failed: Запрос ReadProcessMemory или WriteProcessMemory был выполнен только частично. (0x12B)
[0910/120336.591:ERROR:process_memory_win.cc(73)] ReadMemory at 0x2199b5420d0 of 132 bytes failed: Запрос ReadProcessMemory или WriteProcessMemory был выполнен только частично. (0x12B)
[0910/120336.592:ERROR:process_memory_win.cc(73)] ReadMemory at 0x2199b542200 of 132 bytes failed: Запрос ReadProcessMemory или WriteProcessMemory был выполнен только частично. (0x12B)
[0910/120336.592:ERROR:process_memory_win.cc(73)] ReadMemory at 0x2199b542330 of 132 bytes failed: Запрос ReadProcessMemory или WriteProcessMemory был выполнен только частично. (0x12B)
[0910/120336.592:ERROR:process_memory_win.cc(73)] ReadMemory at 0x2199b542460 of 132 bytes failed: Запрос ReadProcessMemory или WriteProcessMemory был выполнен только частично. (0x12B)
[0910/120336.592:ERROR:process_memory_win.cc(73)] ReadMemory at 0x2199b542590 of 132 bytes failed: Запрос ReadProcessMemory или WriteProcessMemory был выполнен только частично. (0x12B)
[0910/120336.592:ERROR:process_memory_win.cc(73)] ReadMemory at 0x2199b5426c0 of 132 bytes failed: Запрос ReadProcessMemory или WriteProcessMemory был выполнен только частично. (0x12B)
[0910/120336.592:ERROR:process_memory_win.cc(73)] ReadMemory at 0x2199b5434e0 of 54 bytes failed: Запрос ReadProcessMemory или WriteProcessMemory был выполнен только частично. (0x12B)
[0910/120336.592:ERROR:process_memory_win.cc(73)] ReadMemory at 0x2199b544aa0 of 132 bytes failed: Запрос ReadProcessMemory или WriteProcessMemory был выполнен только частично. (0x12B)
[0910/120336.592:ERROR:process_memory_win.cc(73)] ReadMemory at 0x2199b544bd0 of 132 bytes failed: Запрос ReadProcessMemory или WriteProcessMemory был выполнен только частично. (0x12B)
[0910/120336.592:ERROR:process_memory_win.cc(73)] ReadMemory at 0x2199b544d00 of 146 bytes failed: Запрос ReadProcessMemory или WriteProcessMemory был выполнен только частично. (0x12B)
[0910/120336.592:ERROR:process_memory_win.cc(73)] ReadMemory at 0x2199b54df30 of 76 bytes failed: Запрос ReadProcessMemory или WriteProcessMemory был выполнен только частично. (0x12B)
[0910/120336.592:ERROR:process_memory_win.cc(73)] ReadMemory at 0x2199b54df90 of 78 bytes failed: Запрос ReadProcessMemory или WriteProcessMemory был выполнен только частично. (0x12B)
[0910/120336.592:ERROR:process_memory_win.cc(73)] ReadMemory at 0x2199b573880 of 64 bytes failed: Запрос ReadProcessMemory или WriteProcessMemory был выполнен только частично. (0x12B)
[0910/120336.592:ERROR:process_memory_win.cc(73)] ReadMemory at 0x2199b573920 of 62 bytes failed: Запрос ReadProcessMemory или WriteProcessMemory был выполнен только частично. (0x12B)
[0910/120336.593:ERROR:process_memory_win.cc(73)] ReadMemory at 0x2199b573b50 of 62 bytes failed: Запрос ReadProcessMemory или WriteProcessMemory был выполнен только частично. (0x12B)
[0910/120336.593:ERROR:process_memory_win.cc(73)] ReadMemory at 0x2199b573ba0 of 58 bytes failed: Запрос ReadProcessMemory или WriteProcessMemory был выполнен только частично. (0x12B)
[0910/120336.593:ERROR:process_memory_win.cc(73)] ReadMemory at 0x2199b573ce0 of 66 bytes failed: Запрос ReadProcessMemory или WriteProcessMemory был выполнен только частично. (0x12B)
[0910/120336.593:ERROR:process_memory_win.cc(73)] ReadMemory at 0x2199b573d80 of 58 bytes failed: Запрос ReadProcessMemory или WriteProcessMemory был выполнен только частично. (0x12B)
[0910/120336.593:ERROR:process_memory_win.cc(73)] ReadMemory at 0x2199b573f60 of 60 bytes failed: Запрос ReadProcessMemory или WriteProcessMemory был выполнен только частично. (0x12B)
[0910/120336.593:ERROR:process_memory_win.cc(73)] ReadMemory at 0x2199b573fb0 of 60 bytes failed: Запрос ReadProcessMemory или WriteProcessMemory был выполнен только частично. (0x12B)
[0910/120336.593:ERROR:process_memory_win.cc(73)] ReadMemory at 0x2199b5740f0 of 60 bytes failed: Запрос ReadProcessMemory или WriteProcessMemory был выполнен только частично. (0x12B)
[0910/120336.593:ERROR:process_memory_win.cc(73)] ReadMemory at 0x2199b581e40 of 132 bytes failed: Запрос ReadProcessMemory или WriteProcessMemory был выполнен только частично. (0x12B)
[0910/120336.593:ERROR:process_memory_win.cc(73)] ReadMemory at 0x2199b59b0c0 of 512 bytes failed: Запрос ReadProcessMemory или WriteProcessMemory был выполнен только частично. (0x12B)
[0910/120336.593:ERROR:process_memory_win.cc(73)] ReadMemory at 0x2199b59edb0 of 768 bytes failed: Запрос ReadProcessMemory или WriteProcessMemory был выполнен только частично. (0x12B)
[0910/120336.593:ERROR:process_memory_win.cc(73)] ReadMemory at 0x2199b5a22b0 of 512 bytes failed: Запрос ReadProcessMemory или WriteProcessMemory был выполнен только частично. (0x12B)
[0910/120336.593:ERROR:process_memory_win.cc(73)] ReadMemory at 0x2199b5ae150 of 512 bytes failed: Запрос ReadProcessMemory или WriteProcessMemory был выполнен только частично. (0x12B)
[0910/120336.593:ERROR:process_memory_win.cc(73)] ReadMemory at 0x2199b5b37e8 of 512 bytes failed: Запрос ReadProcessMemory или WriteProcessMemory был выполнен только частично. (0x12B)
[0910/120336.593:ERROR:process_memory_win.cc(73)] ReadMemory at 0x2199b5c3210 of 512 bytes failed: Запрос ReadProcessMemory или WriteProcessMemory был выполнен только частично. (0x12B)
[0910/120336.593:ERROR:process_memory_win.cc(73)] ReadMemory at 0x2199b5cedd0 of 512 bytes failed: Запрос ReadProcessMemory или WriteProcessMemory был выполнен только частично. (0x12B)
[0910/120336.594:ERROR:process_memory_win.cc(73)] ReadMemory at 0x2199b5d08f0 of 512 bytes failed: Запрос ReadProcessMemory или WriteProcessMemory был выполнен только частично. (0x12B)
[0910/120336.594:ERROR:process_memory_win.cc(73)] ReadMemory at 0x2199b5d9060 of 512 bytes failed: Запрос ReadProcessMemory или WriteProcessMemory был выполнен только частично. (0x12B)
[0910/120336.594:ERROR:process_memory_win.cc(73)] ReadMemory at 0x2199b5da330 of 712 bytes failed: Запрос ReadProcessMemory или WriteProcessMemory был выполнен только частично. (0x12B)
[0910/120336.594:ERROR:process_memory_win.cc(73)] ReadMemory at 0x2199b5fd332 of 512 bytes failed: Запрос ReadProcessMemory или WriteProcessMemory был выполнен только частично. (0x12B)
[0910/120336.594:ERROR:process_memory_win.cc(73)] ReadMemory at 0x2199b6f0f40 of 512 bytes failed: Запрос ReadProcessMemory или WriteProcessMemory был выполнен только частично. (0x12B)
[0910/120336.594:ERROR:process_memory_win.cc(73)] ReadMemory at 0x2199b6f19c0 of 512 bytes failed: Запрос ReadProcessMemory или WriteProcessMemory был выполнен только частично. (0x12B)
[0910/120336.594:ERROR:process_memory_win.cc(73)] ReadMemory at 0x2199b6f2200 of 512 bytes failed: Запрос ReadProcessMemory или WriteProcessMemory был выполнен только частично. (0x12B)
[0910/120336.594:ERROR:process_memory_win.cc(73)] ReadMemory at 0x2199e719b00 of 512 bytes failed: Запрос ReadProcessMemory или WriteProcessMemory был выполнен только частично. (0x12B)
[0910/120336.594:ERROR:process_memory_win.cc(73)] ReadMemory at 0x2199e71f5c0 of 512 bytes failed: Запрос ReadProcessMemory или WriteProcessMemory был выполнен только частично. (0x12B)
[0910/120336.594:ERROR:process_memory_win.cc(73)] ReadMemory at 0x2199e722ce0 of 512 bytes failed: Запрос ReadProcessMemory или WriteProcessMemory был выполнен только частично. (0x12B)
[0910/120336.594:ERROR:process_memory_win.cc(73)] ReadMemory at 0x2199e7d58a0 of 512 bytes failed: Запрос ReadProcessMemory или WriteProcessMemory был выполнен только частично. (0x12B)
[0910/120336.595:ERROR:process_memory_win.cc(73)] ReadMemory at 0x2199e7edc00 of 512 bytes failed: Запрос ReadProcessMemory или WriteProcessMemory был выполнен только частично. (0x12B)
[0910/120336.595:ERROR:process_memory_win.cc(73)] ReadMemory at 0x2199e8405f0 of 512 bytes failed: Запрос ReadProcessMemory или WriteProcessMemory был выполнен только частично. (0x12B)
[0910/120336.595:ERROR:process_memory_win.cc(73)] ReadMemory at 0x2199e840bf0 of 512 bytes failed: Запрос ReadProcessMemory или WriteProcessMemory был выполнен только частично. (0x12B)
[0910/120336.595:ERROR:process_memory_win.cc(73)] ReadMemory at 0x2199e932310 of 512 bytes failed: Запрос ReadProcessMemory или WriteProcessMemory был выполнен только частично. (0x12B)
[0910/120336.595:ERROR:process_memory_win.cc(73)] ReadMemory at 0x2199e980890 of 512 bytes failed: Запрос ReadProcessMemory или WriteProcessMemory был выполнен только частично. (0x12B)
[0910/120336.595:ERROR:process_memory_win.cc(73)] ReadMemory at 0x2199f90e020 of 720 bytes failed: Запрос ReadProcessMemory или WriteProcessMemory был выполнен только частично. (0x12B)
[0910/120336.595:ERROR:process_memory_win.cc(73)] ReadMemory at 0x219a0a93ab0 of 624 bytes failed: Запрос ReadProcessMemory или WriteProcessMemory был выполнен только частично. (0x12B)
[0910/120336.595:ERROR:process_memory_win.cc(73)] ReadMemory at 0x7ffd1990bb46 of 512 bytes failed: Запрос ReadProcessMemory или WriteProcessMemory был выполнен только частично. (0x12B)
[0910/120336.595:ERROR:process_memory_win.cc(73)] ReadMemory at 0x7ffd20f61694 of 596 bytes failed: Запрос ReadProcessMemory или WriteProcessMemory был выполнен только частично. (0x12B)
[0910/120336.595:ERROR:process_memory_win.cc(73)] ReadMemory at 0x7ffd213d468a of 512 bytes failed: Запрос ReadProcessMemory или WriteProcessMemory был выполнен только частично. (0x12B)
[0910/120336.595:ERROR:process_memory_win.cc(73)] ReadMemory at 0x7ffd221e9ef0 of 512 bytes failed: Запрос ReadProcessMemory или WriteProcessMemory был выполнен только частично. (0x12B)
[0910/120336.595:ERROR:process_memory_win.cc(73)] ReadMemory at 0x7ffd695ea308 of 512 bytes failed: Запрос ReadProcessMemory или WriteProcessMemory был выполнен только частично. (0x12B)
[0910/120336.595:ERROR:process_memory_win.cc(73)] ReadMemory at 0x7ffd69613647 of 512 bytes failed: Запрос ReadProcessMemory или WriteProcessMemory был выполнен только частично. (0x12B)
[0910/120336.595:ERROR:process_memory_win.cc(73)] ReadMemory at 0x7ffd6975e19c of 512 bytes failed: Запрос ReadProcessMemory или WriteProcessMemory был выполнен только частично. (0x12B)
[0910/120336.595:ERROR:process_memory_win.cc(73)] ReadMemory at 0x7ffd6ac10e00 of 512 bytes failed: Запрос ReadProcessMemory или WriteProcessMemory был выполнен только частично. (0x12B)
[0910/120336.596:ERROR:process_memory_win.cc(73)] ReadMemory at 0x7ffd6ce579f0 of 512 bytes failed: Запрос ReadProcessMemory или WriteProcessMemory был выполнен только частично. (0x12B)
[0910/120336.596:ERROR:process_memory_win.cc(73)] ReadMemory at 0x7ffd6ce582e0 of 512 bytes failed: Запрос ReadProcessMemory или WriteProcessMemory был выполнен только частично. (0x12B)
[0910/120336.596:ERROR:process_memory_win.cc(73)] ReadMemory at 0x7ffd6ce5a0d0 of 512 bytes failed: Запрос ReadProcessMemory или WriteProcessMemory был выполнен только частично. (0x12B)
[0910/120336.596:ERROR:process_memory_win.cc(73)] ReadMemory at 0x7ffd6ceca9a4 of 672 bytes failed: Запрос ReadProcessMemory или WriteProcessMemory был выполнен только частично. (0x12B)
[0910/120336.596:ERROR:process_memory_win.cc(73)] ReadMemory at 0x7ffd6cecafa4 of 512 bytes failed: Запрос ReadProcessMemory или WriteProcessMemory был выполнен только частично. (0x12B)
[0910/120336.596:ERROR:process_memory_win.cc(73)] ReadMemory at 0x7ffd6cecb324 of 512 bytes failed: Запрос ReadProcessMemory или WriteProcessMemory был выполнен только частично. (0x12B)
[0910/120336.596:ERROR:process_memory_win.cc(73)] ReadMemory at 0x7ffd6cece214 of 608 bytes failed: Запрос ReadProcessMemory или WriteProcessMemory был выполнен только частично. (0x12B)
[0910/120336.596:ERROR:process_memory_win.cc(73)] ReadMemory at 0x7ffd6cf502e0 of 18 bytes failed: Запрос ReadProcessMemory или WriteProcessMemory был выполнен только частично. (0x12B)
[0910/120336.596:ERROR:process_memory_win.cc(73)] ReadMemory at 0x7ffd6cf865b0 of 40 bytes failed: Запрос ReadProcessMemory или WriteProcessMemory был выполнен только частично. (0x12B)
[0910/120336.596:ERROR:process_memory_win.cc(73)] ReadMemory at 0x7ffd6cf86a08 of 48 bytes failed: Запрос ReadProcessMemory или WriteProcessMemory был выполнен только частично. (0x12B)
[0910/120336.596:ERROR:process_memory_win.cc(73)] ReadMemory at 0x7ffd6cf8c360 of 64 bytes failed: Запрос ReadProcessMemory или WriteProcessMemory был выполнен только частично. (0x12B)
[0910/120336.601:ERROR:file_io_win.cc(162)] CreateFile C:\Users\AsusX550\AppData\Local\Temp\scoped_dir10368_503078469\Crashpad\settings.dat: Не удается найти указанный файл. (0x2)
[0910/120336.600:ERROR:scoped_process_suspend.cc(40)] NtResumeProcess: Попытка доступа к процессу, выполняющему процедуру завершения. (0xc000010a)
[0918/120221.228:ERROR:process_info.cc(329)] VirtualQueryEx: Отказано в доступе. (0x5)
[0918/120221.273:ERROR:process_info.cc(556)] ReadMemoryInfo failed
[0918/120221.273:ERROR:scoped_process_suspend.cc(40)] NtResumeProcess: Попытка доступа к процессу, выполняющему процедуру завершения. (0xc000010a)
[1013/112915.622:ERROR:process_reader_win.cc(151)] SuspendThread: Отказано в доступе. (0x5)
[1013/112915.735:ERROR:exception_snapshot_win.cc(99)] thread ID 13460 not found in process
[1013/112915.735:ERROR:scoped_process_suspend.cc(40)] NtResumeProcess: Попытка доступа к процессу, выполняющему процедуру завершения. (0xc000010a)
[1019/125119.834:ERROR:process_info.cc(329)] VirtualQueryEx: Отказано в доступе. (0x5)
[1019/125119.870:ERROR:process_info.cc(556)] ReadMemoryInfo failed
[1019/125119.870:ERROR:scoped_process_suspend.cc(40)] NtResumeProcess: Попытка доступа к процессу, выполняющему процедуру завершения. (0xc000010a)
[1022/121124.091:ERROR:directory_reader_win.cc(43)] FindFirstFile: Системе не удается найти указанный путь. (0x3)
